{"numTotalTestSuites":2,"numPassedTestSuites":0,"numFailedTestSuites":2,"numPendingTestSuites":0,"numTotalTests":59,"numPassedTests":7,"numFailedTests":50,"numPendingTests":2,"numTodoTests":0,"snapshot":{"added":0,"failure":false,"filesAdded":0,"filesRemoved":0,"filesRemovedList":[],"filesUnmatched":0,"filesUpdated":0,"matched":0,"total":0,"unchecked":0,"uncheckedKeysByFile":[],"unmatched":0,"updated":0,"didUpdate":false},"startTime":1768232074151,"success":false,"testResults":[{"assertionResults":[{"ancestorTitles":["scheduleBacklog"],"fullName":"scheduleBacklog processes projects in descending weight order","status":"failed","title":"processes projects in descending weight order","duration":71.95137499999987,"failureMessages":["AssertionError: expected 0 to be greater than or equal to 2\n    at /Users/validtali/premium-app/test/lib/scheduler/reschedule.spec.ts:307:30\n    at processTicksAndRejections (node:internal/process/task_queues:105:5)\n    at file:///Users/validtali/premium-app/node_modules/.pnpm/@vitest+runner@4.0.15/node_modules/@vitest/runner/dist/index.js:915:20"],"meta":{}},{"ancestorTitles":["scheduleBacklog"],"fullName":"scheduleBacklog cancels the lower-priority project when overlaps are detected","status":"passed","title":"cancels the lower-priority project when overlaps are detected","duration":23.97555599999987,"failureMessages":[],"meta":{}},{"ancestorTitles":["scheduleBacklog"],"fullName":"scheduleBacklog cancels lower-priority overlaps even across different windows","status":"passed","title":"cancels lower-priority overlaps even across different windows","duration":12.660299000000123,"failureMessages":[],"meta":{}},{"ancestorTitles":["scheduleBacklog"],"fullName":"scheduleBacklog creates schedule instances for due habits","status":"failed","title":"creates schedule instances for due habits","duration":14.868801000000076,"failureMessages":["AssertionError: expected \"placeItemInWindows\" to be called with arguments: [ ObjectContaining{…} ]\u001b[90m\n\nNumber of calls: \u001b[1m0\u001b[22m\n\u001b[39m\n    at Proxy.<anonymous> (file:///Users/validtali/premium-app/node_modules/.pnpm/@vitest+expect@4.0.15/node_modules/@vitest/expect/dist/index.js:1420:10)\n    at Proxy.<anonymous> (file:///Users/validtali/premium-app/node_modules/.pnpm/@vitest+expect@4.0.15/node_modules/@vitest/expect/dist/index.js:1090:14)\n    at Proxy.methodWrapper (file:///Users/validtali/premium-app/node_modules/.pnpm/chai@6.2.1/node_modules/chai/index.js:1700:25)\n    at /Users/validtali/premium-app/test/lib/scheduler/reschedule.spec.ts:516:22\n    at processTicksAndRejections (node:internal/process/task_queues:105:5)\n    at file:///Users/validtali/premium-app/node_modules/.pnpm/@vitest+runner@4.0.15/node_modules/@vitest/runner/dist/index.js:915:20"],"meta":{}},{"ancestorTitles":["scheduleBacklog"],"fullName":"scheduleBacklog blocks non-sync habit overlaps while allowing sync overlays","status":"failed","title":"blocks non-sync habit overlaps while allowing sync overlays","duration":86.29423399999996,"failureMessages":["AssertionError: expected [ { type: 'HABIT', …(6) }, …(13) ] to have a length of 27 but got 14\n    at Proxy.<anonymous> (file:///Users/validtali/premium-app/node_modules/.pnpm/@vitest+expect@4.0.15/node_modules/@vitest/expect/dist/index.js:1322:20)\n    at Proxy.<anonymous> (file:///Users/validtali/premium-app/node_modules/.pnpm/@vitest+expect@4.0.15/node_modules/@vitest/expect/dist/index.js:1090:14)\n    at Proxy.methodWrapper (file:///Users/validtali/premium-app/node_modules/.pnpm/chai@6.2.1/node_modules/chai/index.js:1700:25)\n    at /Users/validtali/premium-app/test/lib/scheduler/reschedule.spec.ts:608:31\n    at processTicksAndRejections (node:internal/process/task_queues:105:5)\n    at file:///Users/validtali/premium-app/node_modules/.pnpm/@vitest+runner@4.0.15/node_modules/@vitest/runner/dist/index.js:915:20"],"meta":{}},{"ancestorTitles":["scheduleBacklog"],"fullName":"scheduleBacklog relaxes habit constraints when location and daylight would block placement","status":"failed","title":"relaxes habit constraints when location and daylight would block placement","duration":10.284482000000025,"failureMessages":["AssertionError: expected \"placeItemInWindows\" to be called at least once\n    at Proxy.<anonymous> (file:///Users/validtali/premium-app/node_modules/.pnpm/@vitest+expect@4.0.15/node_modules/@vitest/expect/dist/index.js:1400:10)\n    at Proxy.<anonymous> (file:///Users/validtali/premium-app/node_modules/.pnpm/@vitest+expect@4.0.15/node_modules/@vitest/expect/dist/index.js:1090:14)\n    at Proxy.methodWrapper (file:///Users/validtali/premium-app/node_modules/.pnpm/chai@6.2.1/node_modules/chai/index.js:1700:25)\n    at /Users/validtali/premium-app/test/lib/scheduler/reschedule.spec.ts:727:22\n    at processTicksAndRejections (node:internal/process/task_queues:105:5)\n    at file:///Users/validtali/premium-app/node_modules/.pnpm/@vitest+runner@4.0.15/node_modules/@vitest/runner/dist/index.js:915:20"],"meta":{}},{"ancestorTitles":["scheduleBacklog"],"fullName":"scheduleBacklog cancels duplicate habit instances on the same day","status":"failed","title":"cancels duplicate habit instances on the same day","duration":24.14439900000002,"failureMessages":["AssertionError: expected \"vi.fn()\" to be called 1 times, but got 2 times\n    at /Users/validtali/premium-app/test/lib/scheduler/reschedule.spec.ts:863:20\n    at processTicksAndRejections (node:internal/process/task_queues:105:5)\n    at file:///Users/validtali/premium-app/node_modules/.pnpm/@vitest+runner@4.0.15/node_modules/@vitest/runner/dist/index.js:915:20"],"meta":{}},{"ancestorTitles":["scheduleBacklog"],"fullName":"scheduleBacklog prevents sync habits from overlapping when scheduling multiple habits","status":"failed","title":"prevents sync habits from overlapping when scheduling multiple habits","duration":19.752771000000166,"failureMessages":["AssertionError: expected 0 to be greater than or equal to 2\n    at /Users/validtali/premium-app/test/lib/scheduler/reschedule.spec.ts:1013:31\n    at processTicksAndRejections (node:internal/process/task_queues:105:5)\n    at file:///Users/validtali/premium-app/node_modules/.pnpm/@vitest+runner@4.0.15/node_modules/@vitest/runner/dist/index.js:915:20"],"meta":{}},{"ancestorTitles":["scheduleBacklog"],"fullName":"scheduleBacklog reschedules habits that conflict with scheduled projects","status":"failed","title":"reschedules habits that conflict with scheduled projects","duration":29.643091999999797,"failureMessages":["AssertionError: expected \"placeItemInWindows\" to be called at least once\n    at Proxy.<anonymous> (file:///Users/validtali/premium-app/node_modules/.pnpm/@vitest+expect@4.0.15/node_modules/@vitest/expect/dist/index.js:1400:10)\n    at Proxy.<anonymous> (file:///Users/validtali/premium-app/node_modules/.pnpm/@vitest+expect@4.0.15/node_modules/@vitest/expect/dist/index.js:1090:14)\n    at Proxy.methodWrapper (file:///Users/validtali/premium-app/node_modules/.pnpm/chai@6.2.1/node_modules/chai/index.js:1700:25)\n    at /Users/validtali/premium-app/test/lib/scheduler/reschedule.spec.ts:1188:22\n    at processTicksAndRejections (node:internal/process/task_queues:105:5)\n    at file:///Users/validtali/premium-app/node_modules/.pnpm/@vitest+runner@4.0.15/node_modules/@vitest/runner/dist/index.js:915:20"],"meta":{}},{"ancestorTitles":["scheduleBacklog"],"fullName":"scheduleBacklog does not schedule projects that already have completed instances","status":"passed","title":"does not schedule projects that already have completed instances","duration":131.83868399999983,"failureMessages":[],"meta":{}},{"ancestorTitles":["scheduleBacklog"],"fullName":"scheduleBacklog reschedules projects whose only completed instance starts after now","status":"failed","title":"reschedules projects whose only completed instance starts after now","duration":153.0650310000001,"failureMessages":["AssertionError: expected \"placeItemInWindows\" to be called at least once\n    at Proxy.<anonymous> (file:///Users/validtali/premium-app/node_modules/.pnpm/@vitest+expect@4.0.15/node_modules/@vitest/expect/dist/index.js:1400:10)\n    at Proxy.<anonymous> (file:///Users/validtali/premium-app/node_modules/.pnpm/@vitest+expect@4.0.15/node_modules/@vitest/expect/dist/index.js:1090:14)\n    at Proxy.methodWrapper (file:///Users/validtali/premium-app/node_modules/.pnpm/chai@6.2.1/node_modules/chai/index.js:1700:25)\n    at /Users/validtali/premium-app/test/lib/scheduler/reschedule.spec.ts:1323:22\n    at processTicksAndRejections (node:internal/process/task_queues:105:5)\n    at file:///Users/validtali/premium-app/node_modules/.pnpm/@vitest+runner@4.0.15/node_modules/@vitest/runner/dist/index.js:915:20"],"meta":{}},{"ancestorTitles":["scheduleBacklog"],"fullName":"scheduleBacklog only retains completed instances that fall within the three-day lookback window","status":"failed","title":"only retains completed instances that fall within the three-day lookback window","duration":231.11020800000006,"failureMessages":["AssertionError: expected \"placeItemInWindows\" to be called at least once\n    at Proxy.<anonymous> (file:///Users/validtali/premium-app/node_modules/.pnpm/@vitest+expect@4.0.15/node_modules/@vitest/expect/dist/index.js:1400:10)\n    at Proxy.<anonymous> (file:///Users/validtali/premium-app/node_modules/.pnpm/@vitest+expect@4.0.15/node_modules/@vitest/expect/dist/index.js:1090:14)\n    at Proxy.methodWrapper (file:///Users/validtali/premium-app/node_modules/.pnpm/chai@6.2.1/node_modules/chai/index.js:1700:25)\n    at /Users/validtali/premium-app/test/lib/scheduler/reschedule.spec.ts:1382:22\n    at processTicksAndRejections (node:internal/process/task_queues:105:5)\n    at file:///Users/validtali/premium-app/node_modules/.pnpm/@vitest+runner@4.0.15/node_modules/@vitest/runner/dist/index.js:915:20"],"meta":{}},{"ancestorTitles":["scheduleBacklog"],"fullName":"scheduleBacklog allows projects to overlap with completed habits","status":"failed","title":"allows projects to overlap with completed habits","duration":229.63254300000017,"failureMessages":["AssertionError: expected \"placeItemInWindows\" to be called at least once\n    at Proxy.<anonymous> (file:///Users/validtali/premium-app/node_modules/.pnpm/@vitest+expect@4.0.15/node_modules/@vitest/expect/dist/index.js:1400:10)\n    at Proxy.<anonymous> (file:///Users/validtali/premium-app/node_modules/.pnpm/@vitest+expect@4.0.15/node_modules/@vitest/expect/dist/index.js:1090:14)\n    at Proxy.methodWrapper (file:///Users/validtali/premium-app/node_modules/.pnpm/chai@6.2.1/node_modules/chai/index.js:1700:25)\n    at /Users/validtali/premium-app/test/lib/scheduler/reschedule.spec.ts:1450:22\n    at processTicksAndRejections (node:internal/process/task_queues:105:5)\n    at file:///Users/validtali/premium-app/node_modules/.pnpm/@vitest+runner@4.0.15/node_modules/@vitest/runner/dist/index.js:915:20"],"meta":{}},{"ancestorTitles":["scheduleBacklog"],"fullName":"scheduleBacklog prevents projects from overlapping scheduled habits","status":"skipped","title":"prevents projects from overlapping scheduled habits","failureMessages":[],"meta":{}},{"ancestorTitles":["scheduleBacklog"],"fullName":"scheduleBacklog reports overlap when existing project and habit share a window with no slack","status":"skipped","title":"reports overlap when existing project and habit share a window with no slack","failureMessages":[],"meta":{}},{"ancestorTitles":["scheduleBacklog"],"fullName":"scheduleBacklog skips habits completed earlier in the same day until the next recurrence","status":"passed","title":"skips habits completed earlier in the same day until the next recurrence","duration":105.07019500000024,"failureMessages":[],"meta":{}},{"ancestorTitles":["scheduleBacklog"],"fullName":"scheduleBacklog considers 'NO' energy windows for scheduling","status":"failed","title":"considers 'NO' energy windows for scheduling","duration":63.98024699999996,"failureMessages":["AssertionError: expected [] to include 'proj-no'\n    at Proxy.<anonymous> (file:///Users/validtali/premium-app/node_modules/.pnpm/@vitest+expect@4.0.15/node_modules/@vitest/expect/dist/index.js:1252:15)\n    at Proxy.<anonymous> (file:///Users/validtali/premium-app/node_modules/.pnpm/@vitest+expect@4.0.15/node_modules/@vitest/expect/dist/index.js:1090:14)\n    at Proxy.methodWrapper (file:///Users/validtali/premium-app/node_modules/.pnpm/chai@6.2.1/node_modules/chai/index.js:1700:25)\n    at /Users/validtali/premium-app/test/lib/scheduler/reschedule.spec.ts:1786:33\n    at processTicksAndRejections (node:internal/process/task_queues:105:5)\n    at file:///Users/validtali/premium-app/node_modules/.pnpm/@vitest+runner@4.0.15/node_modules/@vitest/runner/dist/index.js:915:20"],"meta":{}},{"ancestorTitles":["scheduleBacklog"],"fullName":"scheduleBacklog reduces project durations when rush mode is enabled","status":"failed","title":"reduces project durations when rush mode is enabled","duration":78.25681600000007,"failureMessages":["AssertionError: expected [] to deeply equal [ 40 ]\n    at /Users/validtali/premium-app/test/lib/scheduler/reschedule.spec.ts:1845:23\n    at processTicksAndRejections (node:internal/process/task_queues:105:5)\n    at file:///Users/validtali/premium-app/node_modules/.pnpm/@vitest+runner@4.0.15/node_modules/@vitest/runner/dist/index.js:915:20"],"meta":{}},{"ancestorTitles":["scheduleBacklog"],"fullName":"scheduleBacklog prioritizes projects tied to the selected monument before others","status":"failed","title":"prioritizes projects tied to the selected monument before others","duration":44.469454999999925,"failureMessages":["AssertionError: expected undefined to be 'proj-focus' // Object.is equality\n    at /Users/validtali/premium-app/test/lib/scheduler/reschedule.spec.ts:1934:36\n    at processTicksAndRejections (node:internal/process/task_queues:105:5)\n    at file:///Users/validtali/premium-app/node_modules/.pnpm/@vitest+runner@4.0.15/node_modules/@vitest/runner/dist/index.js:915:20"],"meta":{}},{"ancestorTitles":["scheduleBacklog"],"fullName":"scheduleBacklog prioritizes upcoming windows closest to now before later options","status":"failed","title":"prioritizes upcoming windows closest to now before later options","duration":24.08350500000006,"failureMessages":["AssertionError: expected null to deeply equal [ 'win-current', 'win-high', …(1) ]\n    at /Users/validtali/premium-app/test/lib/scheduler/reschedule.spec.ts:2026:27\n    at processTicksAndRejections (node:internal/process/task_queues:105:5)\n    at file:///Users/validtali/premium-app/node_modules/.pnpm/@vitest+runner@4.0.15/node_modules/@vitest/runner/dist/index.js:915:20"],"meta":{}},{"ancestorTitles":["scheduleBacklog"],"fullName":"scheduleBacklog uses the current time as the anchor for partially elapsed windows","status":"failed","title":"uses the current time as the anchor for partially elapsed windows","duration":58.00440600000002,"failureMessages":["AssertionError: expected null not to be null\n    at /Users/validtali/premium-app/test/lib/scheduler/reschedule.spec.ts:2089:31\n    at processTicksAndRejections (node:internal/process/task_queues:105:5)\n    at file:///Users/validtali/premium-app/node_modules/.pnpm/@vitest+runner@4.0.15/node_modules/@vitest/runner/dist/index.js:915:20"],"meta":{}},{"ancestorTitles":["scheduleBacklog"],"fullName":"scheduleBacklog fills the nearest window sequentially even when new placements are not yet visible","status":"failed","title":"fills the nearest window sequentially even when new placements are not yet visible","duration":175.12564999999995,"failureMessages":["AssertionError: expected [ { itemId: 'proj-1', …(1) }, …(7) ] to have a length of +0 but got 8\n    at Proxy.<anonymous> (file:///Users/validtali/premium-app/node_modules/.pnpm/@vitest+expect@4.0.15/node_modules/@vitest/expect/dist/index.js:1322:20)\n    at Proxy.<anonymous> (file:///Users/validtali/premium-app/node_modules/.pnpm/@vitest+expect@4.0.15/node_modules/@vitest/expect/dist/index.js:1090:14)\n    at Proxy.methodWrapper (file:///Users/validtali/premium-app/node_modules/.pnpm/chai@6.2.1/node_modules/chai/index.js:1700:25)\n    at /Users/validtali/premium-app/test/lib/scheduler/reschedule.spec.ts:2208:29\n    at processTicksAndRejections (node:internal/process/task_queues:105:5)\n    at file:///Users/validtali/premium-app/node_modules/.pnpm/@vitest+runner@4.0.15/node_modules/@vitest/runner/dist/index.js:915:20"],"meta":{}},{"ancestorTitles":["scheduleBacklog"],"fullName":"scheduleBacklog considers windows without an energy designation for all projects","status":"failed","title":"considers windows without an energy designation for all projects","duration":82.02678800000012,"failureMessages":["AssertionError: the given combination of arguments (null and string) is invalid for this assertion. You can use an array, a map, an object, a set, a string, or a weakset instead of a string\n    at Proxy.<anonymous> (file:///Users/validtali/premium-app/node_modules/.pnpm/@vitest+expect@4.0.15/node_modules/@vitest/expect/dist/index.js:1252:15)\n    at Proxy.<anonymous> (file:///Users/validtali/premium-app/node_modules/.pnpm/@vitest+expect@4.0.15/node_modules/@vitest/expect/dist/index.js:1090:14)\n    at Proxy.methodWrapper (file:///Users/validtali/premium-app/node_modules/.pnpm/chai@6.2.1/node_modules/chai/index.js:1700:25)\n    at /Users/validtali/premium-app/test/lib/scheduler/reschedule.spec.ts:2315:31\n    at processTicksAndRejections (node:internal/process/task_queues:105:5)\n    at file:///Users/validtali/premium-app/node_modules/.pnpm/@vitest+runner@4.0.15/node_modules/@vitest/runner/dist/index.js:915:20"],"meta":{}},{"ancestorTitles":["scheduleBacklog"],"fullName":"scheduleBacklog skips 'NO' energy windows even when no other options exist","status":"failed","title":"skips 'NO' energy windows even when no other options exist","duration":20.541838000000098,"failureMessages":["AssertionError: expected [ { itemId: 'proj-low', …(1) }, …(1) ] to deeply equal [ { itemId: 'proj-low', …(1) } ]\n    at /Users/validtali/premium-app/test/lib/scheduler/reschedule.spec.ts:2365:29\n    at processTicksAndRejections (node:internal/process/task_queues:105:5)\n    at file:///Users/validtali/premium-app/node_modules/.pnpm/@vitest+runner@4.0.15/node_modules/@vitest/runner/dist/index.js:915:20"],"meta":{}},{"ancestorTitles":["scheduleBacklog"],"fullName":"scheduleBacklog rolls overflow into future days when a single window recurs daily","status":"failed","title":"rolls overflow into future days when a single window recurs daily","duration":267.41381200000023,"failureMessages":["AssertionError: expected [ { itemId: 'proj-1', …(1) }, …(11) ] to have a length of +0 but got 12\n    at Proxy.<anonymous> (file:///Users/validtali/premium-app/node_modules/.pnpm/@vitest+expect@4.0.15/node_modules/@vitest/expect/dist/index.js:1322:20)\n    at Proxy.<anonymous> (file:///Users/validtali/premium-app/node_modules/.pnpm/@vitest+expect@4.0.15/node_modules/@vitest/expect/dist/index.js:1090:14)\n    at Proxy.methodWrapper (file:///Users/validtali/premium-app/node_modules/.pnpm/chai@6.2.1/node_modules/chai/index.js:1700:25)\n    at /Users/validtali/premium-app/test/lib/scheduler/reschedule.spec.ts:2478:29\n    at processTicksAndRejections (node:internal/process/task_queues:105:5)\n    at file:///Users/validtali/premium-app/node_modules/.pnpm/@vitest+runner@4.0.15/node_modules/@vitest/runner/dist/index.js:915:20"],"meta":{}},{"ancestorTitles":["scheduleBacklog"],"fullName":"scheduleBacklog reuses a recurring overnight window on consecutive days","status":"failed","title":"reuses a recurring overnight window on consecutive days","duration":209.72552099999984,"failureMessages":["AssertionError: expected [ { …(2) }, { …(2) }, { …(2) }, …(5) ] to have a length of +0 but got 8\n    at Proxy.<anonymous> (file:///Users/validtali/premium-app/node_modules/.pnpm/@vitest+expect@4.0.15/node_modules/@vitest/expect/dist/index.js:1322:20)\n    at Proxy.<anonymous> (file:///Users/validtali/premium-app/node_modules/.pnpm/@vitest+expect@4.0.15/node_modules/@vitest/expect/dist/index.js:1090:14)\n    at Proxy.methodWrapper (file:///Users/validtali/premium-app/node_modules/.pnpm/chai@6.2.1/node_modules/chai/index.js:1700:25)\n    at /Users/validtali/premium-app/test/lib/scheduler/reschedule.spec.ts:2615:29\n    at processTicksAndRejections (node:internal/process/task_queues:105:5)\n    at file:///Users/validtali/premium-app/node_modules/.pnpm/@vitest+runner@4.0.15/node_modules/@vitest/runner/dist/index.js:915:20"],"meta":{}},{"ancestorTitles":["scheduleBacklog"],"fullName":"scheduleBacklog extends the scheduling range when the backlog exceeds the default horizon","status":"failed","title":"extends the scheduling range when the backlog exceeds the default horizon","duration":478.28029800000013,"failureMessages":["AssertionError: expected [ …(60) ] to have a length of +0 but got 60\n    at Proxy.<anonymous> (file:///Users/validtali/premium-app/node_modules/.pnpm/@vitest+expect@4.0.15/node_modules/@vitest/expect/dist/index.js:1322:20)\n    at Proxy.<anonymous> (file:///Users/validtali/premium-app/node_modules/.pnpm/@vitest+expect@4.0.15/node_modules/@vitest/expect/dist/index.js:1090:14)\n    at Proxy.methodWrapper (file:///Users/validtali/premium-app/node_modules/.pnpm/chai@6.2.1/node_modules/chai/index.js:1700:25)\n    at /Users/validtali/premium-app/test/lib/scheduler/reschedule.spec.ts:2745:29\n    at processTicksAndRejections (node:internal/process/task_queues:105:5)\n    at file:///Users/validtali/premium-app/node_modules/.pnpm/@vitest+runner@4.0.15/node_modules/@vitest/runner/dist/index.js:915:20"],"meta":{}},{"ancestorTitles":["scheduleBacklog"],"fullName":"scheduleBacklog fills remaining time today with later projects even if earlier ones spill into tomorrow","status":"failed","title":"fills remaining time today with later projects even if earlier ones spill into tomorrow","duration":13.716569999999592,"failureMessages":["AssertionError: expected [ { itemId: 'proj-long', …(1) }, …(3) ] to have a length of +0 but got 4\n    at Proxy.<anonymous> (file:///Users/validtali/premium-app/node_modules/.pnpm/@vitest+expect@4.0.15/node_modules/@vitest/expect/dist/index.js:1322:20)\n    at Proxy.<anonymous> (file:///Users/validtali/premium-app/node_modules/.pnpm/@vitest+expect@4.0.15/node_modules/@vitest/expect/dist/index.js:1090:14)\n    at Proxy.methodWrapper (file:///Users/validtali/premium-app/node_modules/.pnpm/chai@6.2.1/node_modules/chai/index.js:1700:25)\n    at /Users/validtali/premium-app/test/lib/scheduler/reschedule.spec.ts:2919:29\n    at processTicksAndRejections (node:internal/process/task_queues:105:5)\n    at file:///Users/validtali/premium-app/node_modules/.pnpm/@vitest+runner@4.0.15/node_modules/@vitest/runner/dist/index.js:915:20"],"meta":{}},{"ancestorTitles":["scheduleBacklog"],"fullName":"scheduleBacklog prefers the earliest compatible window when 'NO' slots are present","status":"failed","title":"prefers the earliest compatible window when 'NO' slots are present","duration":7.863987000000634,"failureMessages":["AssertionError: expected [ { …(2) }, { …(2) } ] to have a length of +0 but got 2\n    at Proxy.<anonymous> (file:///Users/validtali/premium-app/node_modules/.pnpm/@vitest+expect@4.0.15/node_modules/@vitest/expect/dist/index.js:1322:20)\n    at Proxy.<anonymous> (file:///Users/validtali/premium-app/node_modules/.pnpm/@vitest+expect@4.0.15/node_modules/@vitest/expect/dist/index.js:1090:14)\n    at Proxy.methodWrapper (file:///Users/validtali/premium-app/node_modules/.pnpm/chai@6.2.1/node_modules/chai/index.js:1700:25)\n    at /Users/validtali/premium-app/test/lib/scheduler/reschedule.spec.ts:3065:29\n    at processTicksAndRejections (node:internal/process/task_queues:105:5)\n    at file:///Users/validtali/premium-app/node_modules/.pnpm/@vitest+runner@4.0.15/node_modules/@vitest/runner/dist/index.js:915:20"],"meta":{}},{"ancestorTitles":["scheduleBacklog"],"fullName":"scheduleBacklog schedules high energy projects into today's earliest compatible window","status":"failed","title":"schedules high energy projects into today's earliest compatible window","duration":9.168016999999963,"failureMessages":["AssertionError: expected [ { …(2) }, { …(2) } ] to have a length of +0 but got 2\n    at Proxy.<anonymous> (file:///Users/validtali/premium-app/node_modules/.pnpm/@vitest+expect@4.0.15/node_modules/@vitest/expect/dist/index.js:1322:20)\n    at Proxy.<anonymous> (file:///Users/validtali/premium-app/node_modules/.pnpm/@vitest+expect@4.0.15/node_modules/@vitest/expect/dist/index.js:1090:14)\n    at Proxy.methodWrapper (file:///Users/validtali/premium-app/node_modules/.pnpm/chai@6.2.1/node_modules/chai/index.js:1700:25)\n    at /Users/validtali/premium-app/test/lib/scheduler/reschedule.spec.ts:3193:29\n    at processTicksAndRejections (node:internal/process/task_queues:105:5)\n    at file:///Users/validtali/premium-app/node_modules/.pnpm/@vitest+runner@4.0.15/node_modules/@vitest/runner/dist/index.js:915:20"],"meta":{}},{"ancestorTitles":["scheduleBacklog"],"fullName":"scheduleBacklog moves future scheduled projects into the earliest window later today","status":"failed","title":"moves future scheduled projects into the earliest window later today","duration":12.626657999999225,"failureMessages":["AssertionError: expected [ { …(2) }, { …(2) } ] to have a length of +0 but got 2\n    at Proxy.<anonymous> (file:///Users/validtali/premium-app/node_modules/.pnpm/@vitest+expect@4.0.15/node_modules/@vitest/expect/dist/index.js:1322:20)\n    at Proxy.<anonymous> (file:///Users/validtali/premium-app/node_modules/.pnpm/@vitest+expect@4.0.15/node_modules/@vitest/expect/dist/index.js:1090:14)\n    at Proxy.methodWrapper (file:///Users/validtali/premium-app/node_modules/.pnpm/chai@6.2.1/node_modules/chai/index.js:1700:25)\n    at /Users/validtali/premium-app/test/lib/scheduler/reschedule.spec.ts:3312:29\n    at processTicksAndRejections (node:internal/process/task_queues:105:5)\n    at file:///Users/validtali/premium-app/node_modules/.pnpm/@vitest+runner@4.0.15/node_modules/@vitest/runner/dist/index.js:915:20"],"meta":{}},{"ancestorTitles":["scheduleBacklog"],"fullName":"scheduleBacklog keeps new placements on the requested local day for positive UTC offsets","status":"failed","title":"keeps new placements on the requested local day for positive UTC offsets","duration":11.684612000000016,"failureMessages":["AssertionError: expected [] to have a length of 1 but got +0\n    at Proxy.<anonymous> (file:///Users/validtali/premium-app/node_modules/.pnpm/@vitest+expect@4.0.15/node_modules/@vitest/expect/dist/index.js:1322:20)\n    at Proxy.<anonymous> (file:///Users/validtali/premium-app/node_modules/.pnpm/@vitest+expect@4.0.15/node_modules/@vitest/expect/dist/index.js:1090:14)\n    at Proxy.methodWrapper (file:///Users/validtali/premium-app/node_modules/.pnpm/chai@6.2.1/node_modules/chai/index.js:1700:25)\n    at /Users/validtali/premium-app/test/lib/scheduler/reschedule.spec.ts:3407:27\n    at processTicksAndRejections (node:internal/process/task_queues:105:5)\n    at file:///Users/validtali/premium-app/node_modules/.pnpm/@vitest+runner@4.0.15/node_modules/@vitest/runner/dist/index.js:915:20"],"meta":{}},{"ancestorTitles":["scheduleBacklog"],"fullName":"scheduleBacklog keeps new placements on the requested local day for negative UTC offsets","status":"failed","title":"keeps new placements on the requested local day for negative UTC offsets","duration":7.3016200000001845,"failureMessages":["AssertionError: expected [] to have a length of 1 but got +0\n    at Proxy.<anonymous> (file:///Users/validtali/premium-app/node_modules/.pnpm/@vitest+expect@4.0.15/node_modules/@vitest/expect/dist/index.js:1322:20)\n    at Proxy.<anonymous> (file:///Users/validtali/premium-app/node_modules/.pnpm/@vitest+expect@4.0.15/node_modules/@vitest/expect/dist/index.js:1090:14)\n    at Proxy.methodWrapper (file:///Users/validtali/premium-app/node_modules/.pnpm/chai@6.2.1/node_modules/chai/index.js:1700:25)\n    at /Users/validtali/premium-app/test/lib/scheduler/reschedule.spec.ts:3498:27\n    at processTicksAndRejections (node:internal/process/task_queues:105:5)\n    at file:///Users/validtali/premium-app/node_modules/.pnpm/@vitest+runner@4.0.15/node_modules/@vitest/runner/dist/index.js:915:20"],"meta":{}},{"ancestorTitles":["scheduleBacklog"],"fullName":"scheduleBacklog prevents illegal NON-SYNC overlaps at write time","status":"failed","title":"prevents illegal NON-SYNC overlaps at write time","duration":5.437057000000095,"failureMessages":["AssertionError: expected +0 to be 1 // Object.is equality\n    at /Users/validtali/premium-app/test/lib/scheduler/reschedule.spec.ts:3606:35\n    at processTicksAndRejections (node:internal/process/task_queues:105:5)\n    at file:///Users/validtali/premium-app/node_modules/.pnpm/@vitest+runner@4.0.15/node_modules/@vitest/runner/dist/index.js:915:20"],"meta":{}},{"ancestorTitles":["scheduleBacklog"],"fullName":"scheduleBacklog keeps scheduled day offsets aligned across DST transitions","status":"failed","title":"keeps scheduled day offsets aligned across DST transitions","duration":12.391834000000017,"failureMessages":["AssertionError: expected [] to have a length of 1 but got +0\n    at Proxy.<anonymous> (file:///Users/validtali/premium-app/node_modules/.pnpm/@vitest+expect@4.0.15/node_modules/@vitest/expect/dist/index.js:1322:20)\n    at Proxy.<anonymous> (file:///Users/validtali/premium-app/node_modules/.pnpm/@vitest+expect@4.0.15/node_modules/@vitest/expect/dist/index.js:1090:14)\n    at Proxy.methodWrapper (file:///Users/validtali/premium-app/node_modules/.pnpm/chai@6.2.1/node_modules/chai/index.js:1700:25)\n    at /Users/validtali/premium-app/test/lib/scheduler/reschedule.spec.ts:3705:27\n    at processTicksAndRejections (node:internal/process/task_queues:105:5)\n    at file:///Users/validtali/premium-app/node_modules/.pnpm/@vitest+runner@4.0.15/node_modules/@vitest/runner/dist/index.js:915:20"],"meta":{}},{"ancestorTitles":["scheduleBacklog"],"fullName":"scheduleBacklog does not shift projects scheduled in late-night windows to the next day","status":"failed","title":"does not shift projects scheduled in late-night windows to the next day","duration":10.681833000000552,"failureMessages":["AssertionError: expected [] to have a length of 1 but got +0\n    at Proxy.<anonymous> (file:///Users/validtali/premium-app/node_modules/.pnpm/@vitest+expect@4.0.15/node_modules/@vitest/expect/dist/index.js:1322:20)\n    at Proxy.<anonymous> (file:///Users/validtali/premium-app/node_modules/.pnpm/@vitest+expect@4.0.15/node_modules/@vitest/expect/dist/index.js:1090:14)\n    at Proxy.methodWrapper (file:///Users/validtali/premium-app/node_modules/.pnpm/chai@6.2.1/node_modules/chai/index.js:1700:25)\n    at /Users/validtali/premium-app/test/lib/scheduler/reschedule.spec.ts:3807:27\n    at processTicksAndRejections (node:internal/process/task_queues:105:5)\n    at file:///Users/validtali/premium-app/node_modules/.pnpm/@vitest+runner@4.0.15/node_modules/@vitest/runner/dist/index.js:915:20"],"meta":{}},{"ancestorTitles":["scheduleBacklog"],"fullName":"scheduleBacklog treats queued projects as free when evaluating earlier windows","status":"failed","title":"treats queued projects as free when evaluating earlier windows","duration":9.136935000000449,"failureMessages":["AssertionError: expected [ Array(4) ] to have a length of +0 but got 4\n    at Proxy.<anonymous> (file:///Users/validtali/premium-app/node_modules/.pnpm/@vitest+expect@4.0.15/node_modules/@vitest/expect/dist/index.js:1322:20)\n    at Proxy.<anonymous> (file:///Users/validtali/premium-app/node_modules/.pnpm/@vitest+expect@4.0.15/node_modules/@vitest/expect/dist/index.js:1090:14)\n    at Proxy.methodWrapper (file:///Users/validtali/premium-app/node_modules/.pnpm/chai@6.2.1/node_modules/chai/index.js:1700:25)\n    at /Users/validtali/premium-app/test/lib/scheduler/reschedule.spec.ts:3917:29\n    at processTicksAndRejections (node:internal/process/task_queues:105:5)\n    at file:///Users/validtali/premium-app/node_modules/.pnpm/@vitest+runner@4.0.15/node_modules/@vitest/runner/dist/index.js:915:20"],"meta":{}},{"ancestorTitles":["scheduleBacklog"],"fullName":"scheduleBacklog reschedules projects that started earlier today so they begin at or after the current run time","status":"failed","title":"reschedules projects that started earlier today so they begin at or after the current run time","duration":6.469164999999521,"failureMessages":["AssertionError: expected \"placeItemInWindows\" to be called 1 times, but got 0 times\n    at /Users/validtali/premium-app/test/lib/scheduler/reschedule.spec.ts:4009:22\n    at processTicksAndRejections (node:internal/process/task_queues:105:5)\n    at file:///Users/validtali/premium-app/node_modules/.pnpm/@vitest+runner@4.0.15/node_modules/@vitest/runner/dist/index.js:915:20"],"meta":{}},{"ancestorTitles":["scheduleBacklog"],"fullName":"scheduleBacklog attempts to reschedule already scheduled projects when enqueuing all","status":"failed","title":"attempts to reschedule already scheduled projects when enqueuing all","duration":11.67079300000023,"failureMessages":["AssertionError: expected false to be true // Object.is equality\n    at /Users/validtali/premium-app/test/lib/scheduler/reschedule.spec.ts:4024:47\n    at processTicksAndRejections (node:internal/process/task_queues:105:5)\n    at file:///Users/validtali/premium-app/node_modules/.pnpm/@vitest+runner@4.0.15/node_modules/@vitest/runner/dist/index.js:915:20"],"meta":{}},{"ancestorTitles":["scheduleBacklog"],"fullName":"scheduleBacklog reuses existing instances when fallback enqueues a project","status":"failed","title":"reuses existing instances when fallback enqueues a project","duration":6.647694000000229,"failureMessages":["AssertionError: expected null to be 'inst-existing' // Object.is equality\n    at /Users/validtali/premium-app/test/lib/scheduler/reschedule.spec.ts:4111:21\n    at processTicksAndRejections (node:internal/process/task_queues:105:5)\n    at file:///Users/validtali/premium-app/node_modules/.pnpm/@vitest+runner@4.0.15/node_modules/@vitest/runner/dist/index.js:915:20"],"meta":{}},{"ancestorTitles":["scheduleBacklog"],"fullName":"scheduleBacklog reschedules existing placements into the timeline when rerun","status":"failed","title":"reschedules existing placements into the timeline when rerun","duration":8.278192999999192,"failureMessages":["AssertionError: expected \"placeItemInWindows\" to be called 1 times, but got 0 times\n    at /Users/validtali/premium-app/test/lib/scheduler/reschedule.spec.ts:4156:22\n    at processTicksAndRejections (node:internal/process/task_queues:105:5)\n    at file:///Users/validtali/premium-app/node_modules/.pnpm/@vitest+runner@4.0.15/node_modules/@vitest/runner/dist/index.js:915:20"],"meta":{}},{"ancestorTitles":["scheduleBacklog"],"fullName":"scheduleBacklog does not schedule habits into windows with unmatched location context","status":"passed","title":"does not schedule habits into windows with unmatched location context","duration":8.497854000000189,"failureMessages":[],"meta":{}},{"ancestorTitles":["scheduleBacklog"],"fullName":"scheduleBacklog skips work windows when the habit has no location context","status":"failed","title":"skips work windows when the habit has no location context","duration":5.752271999999721,"failureMessages":["AssertionError: expected [] to deep equally contain { itemId: 'habit-locationless', …(1) }\n    at /Users/validtali/premium-app/test/lib/scheduler/reschedule.spec.ts:4285:29\n    at processTicksAndRejections (node:internal/process/task_queues:105:5)\n    at file:///Users/validtali/premium-app/node_modules/.pnpm/@vitest+runner@4.0.15/node_modules/@vitest/runner/dist/index.js:915:20"],"meta":{}},{"ancestorTitles":["scheduleBacklog"],"fullName":"scheduleBacklog schedules habits into windows when location context matches","status":"failed","title":"schedules habits into windows when location context matches","duration":4.423946000000797,"failureMessages":["AssertionError: expected \"placeItemInWindows\" to be called at least once\n    at Proxy.<anonymous> (file:///Users/validtali/premium-app/node_modules/.pnpm/@vitest+expect@4.0.15/node_modules/@vitest/expect/dist/index.js:1400:10)\n    at Proxy.<anonymous> (file:///Users/validtali/premium-app/node_modules/.pnpm/@vitest+expect@4.0.15/node_modules/@vitest/expect/dist/index.js:1090:14)\n    at Proxy.methodWrapper (file:///Users/validtali/premium-app/node_modules/.pnpm/chai@6.2.1/node_modules/chai/index.js:1700:25)\n    at /Users/validtali/premium-app/test/lib/scheduler/reschedule.spec.ts:4369:23\n    at processTicksAndRejections (node:internal/process/task_queues:105:5)\n    at file:///Users/validtali/premium-app/node_modules/.pnpm/@vitest+runner@4.0.15/node_modules/@vitest/runner/dist/index.js:915:20"],"meta":{}},{"ancestorTitles":["scheduleBacklog"],"fullName":"scheduleBacklog requeues location-mismatched habits instead of silently missing them","status":"failed","title":"requeues location-mismatched habits instead of silently missing them","duration":5.626164000000244,"failureMessages":["AssertionError: expected false to be true // Object.is equality\n    at /Users/validtali/premium-app/test/lib/scheduler/reschedule.spec.ts:4468:7\n    at processTicksAndRejections (node:internal/process/task_queues:105:5)\n    at file:///Users/validtali/premium-app/node_modules/.pnpm/@vitest+runner@4.0.15/node_modules/@vitest/runner/dist/index.js:915:20"],"meta":{}},{"ancestorTitles":["scheduleBacklog"],"fullName":"scheduleBacklog marks location-mismatched requeues as missed with a reason when placement fails","status":"failed","title":"marks location-mismatched requeues as missed with a reason when placement fails","duration":8.345336000000316,"failureMessages":["AssertionError: expected false to be true // Object.is equality\n    at /Users/validtali/premium-app/test/lib/scheduler/reschedule.spec.ts:4545:7\n    at processTicksAndRejections (node:internal/process/task_queues:105:5)\n    at file:///Users/validtali/premium-app/node_modules/.pnpm/@vitest+runner@4.0.15/node_modules/@vitest/runner/dist/index.js:915:20"],"meta":{}},{"ancestorTitles":["scheduleBacklog"],"fullName":"scheduleBacklog restores window availability after location-mismatch cancel so another habit can place","status":"failed","title":"restores window availability after location-mismatch cancel so another habit can place","duration":5.569228999999723,"failureMessages":["AssertionError: expected undefined to be defined\n    at /Users/validtali/premium-app/test/lib/scheduler/reschedule.spec.ts:4646:25\n    at processTicksAndRejections (node:internal/process/task_queues:105:5)\n    at file:///Users/validtali/premium-app/node_modules/.pnpm/@vitest+runner@4.0.15/node_modules/@vitest/runner/dist/index.js:915:20"],"meta":{}},{"ancestorTitles":["scheduleBacklog"],"fullName":"scheduleBacklog schedules practice habits without a recurrence multiple times in practice windows","status":"failed","title":"schedules practice habits without a recurrence multiple times in practice windows","duration":4.449486999999863,"failureMessages":["AssertionError: expected [] to have a length of 2 but got +0\n    at Proxy.<anonymous> (file:///Users/validtali/premium-app/node_modules/.pnpm/@vitest+expect@4.0.15/node_modules/@vitest/expect/dist/index.js:1322:20)\n    at Proxy.<anonymous> (file:///Users/validtali/premium-app/node_modules/.pnpm/@vitest+expect@4.0.15/node_modules/@vitest/expect/dist/index.js:1090:14)\n    at Proxy.methodWrapper (file:///Users/validtali/premium-app/node_modules/.pnpm/chai@6.2.1/node_modules/chai/index.js:1700:25)\n    at /Users/validtali/premium-app/test/lib/scheduler/reschedule.spec.ts:4731:29\n    at processTicksAndRejections (node:internal/process/task_queues:105:5)\n    at file:///Users/validtali/premium-app/node_modules/.pnpm/@vitest+runner@4.0.15/node_modules/@vitest/runner/dist/index.js:915:20"],"meta":{}},{"ancestorTitles":["scheduleBacklog"],"fullName":"scheduleBacklog uses the habit skill monument as the practice context when scheduling","status":"failed","title":"uses the habit skill monument as the practice context when scheduling","duration":7.181625000000167,"failureMessages":["AssertionError: expected 0 to be greater than 0\n    at /Users/validtali/premium-app/test/lib/scheduler/reschedule.spec.ts:4834:36\n    at processTicksAndRejections (node:internal/process/task_queues:105:5)\n    at file:///Users/validtali/premium-app/node_modules/.pnpm/@vitest+runner@4.0.15/node_modules/@vitest/runner/dist/index.js:915:20"],"meta":{}},{"ancestorTitles":["scheduleBacklog"],"fullName":"scheduleBacklog cancels practice habit instances beyond the 7-day lookahead","status":"failed","title":"cancels practice habit instances beyond the 7-day lookahead","duration":10.922615000000405,"failureMessages":["AssertionError: expected \"vi.fn()\" to be called at least once\n    at Proxy.<anonymous> (file:///Users/validtali/premium-app/node_modules/.pnpm/@vitest+expect@4.0.15/node_modules/@vitest/expect/dist/index.js:1400:10)\n    at Proxy.<anonymous> (file:///Users/validtali/premium-app/node_modules/.pnpm/@vitest+expect@4.0.15/node_modules/@vitest/expect/dist/index.js:1090:14)\n    at Proxy.methodWrapper (file:///Users/validtali/premium-app/node_modules/.pnpm/chai@6.2.1/node_modules/chai/index.js:1700:25)\n    at /Users/validtali/premium-app/test/lib/scheduler/reschedule.spec.ts:4927:20\n    at processTicksAndRejections (node:internal/process/task_queues:105:5)\n    at file:///Users/validtali/premium-app/node_modules/.pnpm/@vitest+runner@4.0.15/node_modules/@vitest/runner/dist/index.js:915:20"],"meta":{}},{"ancestorTitles":["scheduleBacklog"],"fullName":"scheduleBacklog does not register failures once all practice windows are filled","status":"failed","title":"does not register failures once all practice windows are filled","duration":4.397334000000228,"failureMessages":["AssertionError: expected [] to have a length of 1 but got +0\n    at Proxy.<anonymous> (file:///Users/validtali/premium-app/node_modules/.pnpm/@vitest+expect@4.0.15/node_modules/@vitest/expect/dist/index.js:1322:20)\n    at Proxy.<anonymous> (file:///Users/validtali/premium-app/node_modules/.pnpm/@vitest+expect@4.0.15/node_modules/@vitest/expect/dist/index.js:1090:14)\n    at Proxy.methodWrapper (file:///Users/validtali/premium-app/node_modules/.pnpm/chai@6.2.1/node_modules/chai/index.js:1700:25)\n    at /Users/validtali/premium-app/test/lib/scheduler/reschedule.spec.ts:5019:29\n    at processTicksAndRejections (node:internal/process/task_queues:105:5)\n    at file:///Users/validtali/premium-app/node_modules/.pnpm/@vitest+runner@4.0.15/node_modules/@vitest/runner/dist/index.js:915:20"],"meta":{}},{"ancestorTitles":["scheduleBacklog"],"fullName":"scheduleBacklog anchors scheduling to the provided user timezone","status":"failed","title":"anchors scheduling to the provided user timezone","duration":10.398478000000068,"failureMessages":["AssertionError: expected undefined to be '2024-01-01T08:00:00.000Z' // Object.is equality\n    at /Users/validtali/premium-app/test/lib/scheduler/reschedule.spec.ts:5082:31\n    at processTicksAndRejections (node:internal/process/task_queues:105:5)\n    at file:///Users/validtali/premium-app/node_modules/.pnpm/@vitest+runner@4.0.15/node_modules/@vitest/runner/dist/index.js:915:20"],"meta":{}},{"ancestorTitles":["scheduleBacklog"],"fullName":"scheduleBacklog enforces a final no-overlap invariant after a scheduler run","status":"passed","title":"enforces a final no-overlap invariant after a scheduler run","duration":7.788348000000042,"failureMessages":[],"meta":{}},{"ancestorTitles":["scheduleBacklog"],"fullName":"scheduleBacklog sorts projects by global_rank, preferred, weight, id in base mode","status":"failed","title":"sorts projects by global_rank, preferred, weight, id in base mode","duration":16.341215999999804,"failureMessages":["AssertionError: expected 0 to be greater than or equal to 2\n    at /Users/validtali/premium-app/test/lib/scheduler/reschedule.spec.ts:5234:30\n    at processTicksAndRejections (node:internal/process/task_queues:105:5)\n    at file:///Users/validtali/premium-app/node_modules/.pnpm/@vitest+runner@4.0.15/node_modules/@vitest/runner/dist/index.js:915:20"],"meta":{}},{"ancestorTitles":["scheduleBacklog"],"fullName":"scheduleBacklog rejects higher-ranked projects when they conflict with existing projects","status":"passed","title":"rejects higher-ranked projects when they conflict with existing projects","duration":12.945666000000529,"failureMessages":[],"meta":{}},{"ancestorTitles":["scheduleBacklog"],"fullName":"scheduleBacklog sorts projects by global_rank, preferred, weight, id in MONUMENTAL mode","status":"failed","title":"sorts projects by global_rank, preferred, weight, id in MONUMENTAL mode","duration":15.567943000000014,"failureMessages":["AssertionError: expected 0 to be greater than or equal to 2\n    at /Users/validtali/premium-app/test/lib/scheduler/reschedule.spec.ts:5441:30\n    at processTicksAndRejections (node:internal/process/task_queues:105:5)\n    at file:///Users/validtali/premium-app/node_modules/.pnpm/@vitest+runner@4.0.15/node_modules/@vitest/runner/dist/index.js:915:20"],"meta":{}},{"ancestorTitles":["scheduleBacklog"],"fullName":"scheduleBacklog marks new projects with no compatible windows as missed","status":"failed","title":"marks new projects with no compatible windows as missed","duration":5.071791000000303,"failureMessages":["AssertionError: expected \"fetchCompatibleWindowsForItem\" to be called with arguments: [ Any<Object>, Any<Date>, …(3) ]\u001b[90m\n\nNumber of calls: \u001b[1m0\u001b[22m\n\u001b[39m\n    at Proxy.<anonymous> (file:///Users/validtali/premium-app/node_modules/.pnpm/@vitest+expect@4.0.15/node_modules/@vitest/expect/dist/index.js:1420:10)\n    at Proxy.<anonymous> (file:///Users/validtali/premium-app/node_modules/.pnpm/@vitest+expect@4.0.15/node_modules/@vitest/expect/dist/index.js:1090:14)\n    at Proxy.methodWrapper (file:///Users/validtali/premium-app/node_modules/.pnpm/chai@6.2.1/node_modules/chai/index.js:1700:25)\n    at /Users/validtali/premium-app/test/lib/scheduler/reschedule.spec.ts:5481:39\n    at processTicksAndRejections (node:internal/process/task_queues:105:5)\n    at file:///Users/validtali/premium-app/node_modules/.pnpm/@vitest+runner@4.0.15/node_modules/@vitest/runner/dist/index.js:915:20"],"meta":{}},{"ancestorTitles":["scheduleBacklog"],"fullName":"scheduleBacklog enforces habit-first scheduling: habit occupies slot before project","status":"failed","title":"enforces habit-first scheduling: habit occupies slot before project","duration":7.406255000000783,"failureMessages":["AssertionError: expected [] to have a length of 1 but got +0\n    at Proxy.<anonymous> (file:///Users/validtali/premium-app/node_modules/.pnpm/@vitest+expect@4.0.15/node_modules/@vitest/expect/dist/index.js:1322:20)\n    at Proxy.<anonymous> (file:///Users/validtali/premium-app/node_modules/.pnpm/@vitest+expect@4.0.15/node_modules/@vitest/expect/dist/index.js:1090:14)\n    at Proxy.methodWrapper (file:///Users/validtali/premium-app/node_modules/.pnpm/chai@6.2.1/node_modules/chai/index.js:1700:25)\n    at /Users/validtali/premium-app/test/lib/scheduler/reschedule.spec.ts:5601:28\n    at processTicksAndRejections (node:internal/process/task_queues:105:5)\n    at file:///Users/validtali/premium-app/node_modules/.pnpm/@vitest+runner@4.0.15/node_modules/@vitest/runner/dist/index.js:915:20"],"meta":{}},{"ancestorTitles":["scheduleBacklog"],"fullName":"scheduleBacklog cancels non-locked PROJECT instances at HABIT_PASS_START to enforce habit-first scheduling","status":"failed","title":"cancels non-locked PROJECT instances at HABIT_PASS_START to enforce habit-first scheduling","duration":8.458599000000504,"failureMessages":["AssertionError: expected \"vi.fn()\" to be called at least once\n    at Proxy.<anonymous> (file:///Users/validtali/premium-app/node_modules/.pnpm/@vitest+expect@4.0.15/node_modules/@vitest/expect/dist/index.js:1400:10)\n    at Proxy.<anonymous> (file:///Users/validtali/premium-app/node_modules/.pnpm/@vitest+expect@4.0.15/node_modules/@vitest/expect/dist/index.js:1090:14)\n    at Proxy.methodWrapper (file:///Users/validtali/premium-app/node_modules/.pnpm/chai@6.2.1/node_modules/chai/index.js:1700:25)\n    at /Users/validtali/premium-app/test/lib/scheduler/reschedule.spec.ts:5748:20\n    at processTicksAndRejections (node:internal/process/task_queues:105:5)\n    at file:///Users/validtali/premium-app/node_modules/.pnpm/@vitest+runner@4.0.15/node_modules/@vitest/runner/dist/index.js:915:20"],"meta":{}}],"startTime":1768232075986,"endTime":1768232078916.4585,"status":"failed","message":"","name":"/Users/validtali/premium-app/test/lib/scheduler/reschedule.spec.ts"}]}